<?xml version="1.0" encoding="UTF-8"?>
<!-- Generated by org.testng.reporters.JUnitReportReporter -->
<testsuite hostname="DESKTOP-8033BL1" failures="0" tests="1" name="absproj.screenshot.api.ScreenshotTests" time="1.427" errors="0" timestamp="2023-01-09T12:43:22 IST" skipped="0">
  <testcase classname="absproj.screenshot.api.ScreenshotTests" name="invalidApiKeyTest" time="1.427"/>
  <system-out/>
</testsuite> <!-- absproj.screenshot.api.ScreenshotTests -->
