<?xml version="1.0" encoding="UTF-8"?>
<!-- Generated by org.testng.reporters.JUnitReportReporter -->
<testsuite hostname="DESKTOP-8033BL1" failures="0" tests="1" name="absproj.email.api.EmailTests" time="2.015" errors="0" timestamp="2023-01-09T12:15:41 IST" skipped="0">
  <testcase classname="absproj.email.api.EmailTests" name="emaptyEmailTest" time="2.015"/>
  <system-out/>
</testsuite> <!-- absproj.email.api.EmailTests -->
