<?xml version="1.0" encoding="UTF-8"?>
<!-- Generated by org.testng.reporters.JUnitReportReporter -->
<testsuite hostname="DESKTOP-8033BL1" failures="0" tests="1" name="UI.petStore.user.UserTests" time="2.676" errors="0" timestamp="2023-01-10T13:03:04 IST" skipped="0">
  <testcase classname="UI.petStore.user.UserTests" name="loginValidTest" time="2.676"/>
  <system-out/>
</testsuite> <!-- UI.petStore.user.UserTests -->
