<?xml version="1.0" encoding="UTF-8"?>
<!-- Generated by org.testng.reporters.JUnitReportReporter -->
<testsuite hostname="DESKTOP-8033BL1" failures="0" tests="1" name="rest.client.proj.facebook.UserTests" time="1.479" errors="0" timestamp="2023-01-03T14:18:44 IST" skipped="0">
  <testcase classname="rest.client.proj.facebook.UserTests" name="login" time="1.479"/>
  <system-out/>
</testsuite> <!-- rest.client.proj.facebook.UserTests -->
