<?xml version="1.0" encoding="UTF-8"?>
<!-- Generated by org.testng.reporters.JUnitReportReporter -->
<testsuite hostname="DESKTOP-8033BL1" failures="0" tests="1" name="rest.client.proj.UserTests" time="3.418" errors="0" timestamp="2023-01-02T09:52:26 IST" skipped="0">
  <testcase classname="rest.client.proj.UserTests" name="createUser" time="3.418"/>
  <system-out/>
</testsuite> <!-- rest.client.proj.UserTests -->
