<?xml version="1.0" encoding="UTF-8"?>
<!-- Generated by org.testng.reporters.JUnitReportReporter -->
<testsuite hostname="DESKTOP-8033BL1" failures="0" tests="1" name="absproj.api.EmailTests" time="1.479" errors="0" timestamp="2023-01-10T13:06:18 IST" skipped="0">
  <testcase classname="absproj.api.EmailTests" name="emailValidationTest" time="1.479"/>
  <system-out/>
</testsuite> <!-- absproj.api.EmailTests -->
