<?xml version="1.0" encoding="UTF-8"?>
<!-- Generated by org.testng.reporters.JUnitReportReporter -->
<testsuite hostname="DESKTOP-8033BL1" failures="0" tests="1" name="auto.mate.it.CreatePetTests" time="4.165" errors="0" timestamp="2022-12-31T10:22:18 IST" skipped="0">
  <testcase classname="auto.mate.it.CreatePetTests" name="createPet" time="4.165"/>
  <system-out/>
</testsuite> <!-- auto.mate.it.CreatePetTests -->
