<?xml version="1.0" encoding="UTF-8"?>
<!-- Generated by org.testng.reporters.JUnitReportReporter -->
<testsuite hostname="DESKTOP-8033BL1" failures="0" tests="1" name="rest.client.proj.StoreTests" time="1.550" errors="0" timestamp="2023-01-02T10:10:32 IST" skipped="0">
  <testcase classname="rest.client.proj.StoreTests" name="getInventory" time="1.550"/>
  <system-out/>
</testsuite> <!-- rest.client.proj.StoreTests -->
