<?xml version="1.0" encoding="UTF-8"?>
<!-- Generated by org.testng.reporters.JUnitReportReporter -->
<testsuite hostname="DESKTOP-8033BL1" failures="0" tests="3" name="absproj.api.NegativeEmailTests" time="5.808" errors="0" timestamp="2023-01-10T13:19:54 IST" skipped="0">
  <testcase classname="absproj.api.NegativeEmailTests" name="invalidApiKeyTest" time="1.641"/>
  <system-out/>
  <testcase classname="absproj.api.NegativeEmailTests" name="invalidEmailTest" time="1.675"/>
  <system-out/>
  <testcase classname="absproj.api.NegativeEmailTests" name="emptyEmailTest" time="2.492"/>
  <system-out/>
</testsuite> <!-- absproj.api.NegativeEmailTests -->
