<?xml version="1.0" encoding="UTF-8"?>
<!-- Generated by org.testng.reporters.JUnitReportReporter -->
<testsuite hostname="DESKTOP-8033BL1" failures="0" tests="2" name="rest.client.proj.UpdatePetTests" time="2.931" errors="0" timestamp="2023-01-01T17:24:12 IST" skipped="0">
  <testcase classname="rest.client.proj.UpdatePetTests" name="updatePet" time="2.323"/>
  <system-out>
    <![CDATA[update pet success]]>
  </system-out>
  <testcase classname="rest.client.proj.UpdatePetTests" name="uploadPetImageByID" time="0.608"/>
  <system-out/>
</testsuite> <!-- rest.client.proj.UpdatePetTests -->
